{"/home/gibby/opensource-full-stack/part5/src/App.js": {"path":"/home/gibby/opensource-full-stack/part5/src/App.js","statementMap":{"0":{"start":{"line":9,"column":12},"end":{"line":85,"column":1}},"1":{"start":{"line":10,"column":34},"end":{"line":10,"column":46}},"2":{"start":{"line":11,"column":34},"end":{"line":11,"column":46}},"3":{"start":{"line":12,"column":26},"end":{"line":12,"column":40}},"4":{"start":{"line":13,"column":28},"end":{"line":13,"column":40}},"5":{"start":{"line":15,"column":40},"end":{"line":15,"column":54}},"6":{"start":{"line":16,"column":32},"end":{"line":16,"column":44}},"7":{"start":{"line":17,"column":30},"end":{"line":17,"column":47}},"8":{"start":{"line":19,"column":22},"end":{"line":46,"column":3}},"9":{"start":{"line":20,"column":4},"end":{"line":20,"column":26}},"10":{"start":{"line":22,"column":4},"end":{"line":45,"column":5}},"11":{"start":{"line":23,"column":19},"end":{"line":25,"column":8}},"12":{"start":{"line":27,"column":6},"end":{"line":28,"column":58}},"13":{"start":{"line":30,"column":6},"end":{"line":30,"column":38}},"14":{"start":{"line":31,"column":6},"end":{"line":31,"column":19}},"15":{"start":{"line":32,"column":6},"end":{"line":32,"column":21}},"16":{"start":{"line":33,"column":6},"end":{"line":33,"column":21}},"17":{"start":{"line":37,"column":6},"end":{"line":37,"column":47}},"18":{"start":{"line":38,"column":6},"end":{"line":38,"column":22}},"19":{"start":{"line":39,"column":6},"end":{"line":39,"column":26}},"20":{"start":{"line":41,"column":6},"end":{"line":44,"column":14}},"21":{"start":{"line":42,"column":8},"end":{"line":42,"column":28}},"22":{"start":{"line":43,"column":8},"end":{"line":43,"column":24}},"23":{"start":{"line":48,"column":2},"end":{"line":54,"column":8}},"24":{"start":{"line":50,"column":26},"end":{"line":50,"column":52}},"25":{"start":{"line":51,"column":8},"end":{"line":51,"column":26}},"26":{"start":{"line":53,"column":6},"end":{"line":53,"column":17}},"27":{"start":{"line":56,"column":2},"end":{"line":64,"column":8}},"28":{"start":{"line":57,"column":26},"end":{"line":57,"column":73}},"29":{"start":{"line":59,"column":4},"end":{"line":63,"column":5}},"30":{"start":{"line":60,"column":24},"end":{"line":60,"column":49}},"31":{"start":{"line":61,"column":6},"end":{"line":61,"column":43}},"32":{"start":{"line":62,"column":6},"end":{"line":62,"column":24}},"33":{"start":{"line":66,"column":2},"end":{"line":84,"column":3}}},"fnMap":{"0":{"name":"(anonymous_0)","decl":{"start":{"line":9,"column":12},"end":{"line":9,"column":13}},"loc":{"start":{"line":9,"column":18},"end":{"line":85,"column":1}},"line":9},"1":{"name":"(anonymous_1)","decl":{"start":{"line":19,"column":22},"end":{"line":19,"column":23}},"loc":{"start":{"line":19,"column":39},"end":{"line":46,"column":3}},"line":19},"2":{"name":"(anonymous_2)","decl":{"start":{"line":41,"column":23},"end":{"line":41,"column":24}},"loc":{"start":{"line":41,"column":28},"end":{"line":44,"column":7}},"line":41},"3":{"name":"(anonymous_3)","decl":{"start":{"line":48,"column":12},"end":{"line":48,"column":13}},"loc":{"start":{"line":48,"column":18},"end":{"line":54,"column":3}},"line":48},"4":{"name":"fetchData","decl":{"start":{"line":49,"column":21},"end":{"line":49,"column":30}},"loc":{"start":{"line":49,"column":34},"end":{"line":52,"column":7}},"line":49},"5":{"name":"(anonymous_5)","decl":{"start":{"line":56,"column":12},"end":{"line":56,"column":13}},"loc":{"start":{"line":56,"column":18},"end":{"line":64,"column":3}},"line":56}},"branchMap":{"0":{"loc":{"start":{"line":59,"column":4},"end":{"line":63,"column":5}},"type":"if","locations":[{"start":{"line":59,"column":4},"end":{"line":63,"column":5}},{"start":{"line":59,"column":4},"end":{"line":63,"column":5}}],"line":59},"1":{"loc":{"start":{"line":68,"column":5},"end":{"line":68,"column":75}},"type":"binary-expr","locations":[{"start":{"line":68,"column":6},"end":{"line":68,"column":26}},{"start":{"line":68,"column":31},"end":{"line":68,"column":75}}],"line":68},"2":{"loc":{"start":{"line":69,"column":5},"end":{"line":82,"column":10}},"type":"cond-expr","locations":[{"start":{"line":70,"column":8},"end":{"line":76,"column":10}},{"start":{"line":77,"column":8},"end":{"line":82,"column":10}}],"line":69}},"s":{"0":0,"1":0,"2":0,"3":0,"4":0,"5":0,"6":0,"7":0,"8":0,"9":0,"10":0,"11":0,"12":0,"13":0,"14":0,"15":0,"16":0,"17":0,"18":0,"19":0,"20":0,"21":0,"22":0,"23":0,"24":0,"25":0,"26":0,"27":0,"28":0,"29":0,"30":0,"31":0,"32":0,"33":0},"f":{"0":0,"1":0,"2":0,"3":0,"4":0,"5":0},"b":{"0":[0,0],"1":[0,0],"2":[0,0]},"hash":"3b9247e592c9d20137c37bdeee134297ab447a1c"}
,"/home/gibby/opensource-full-stack/part5/src/index.js": {"path":"/home/gibby/opensource-full-stack/part5/src/index.js","statementMap":{"0":{"start":{"line":6,"column":0},"end":{"line":6,"column":57}}},"fnMap":{},"branchMap":{},"s":{"0":0},"f":{},"b":{},"hash":"84277bc9dbdd79729e521dff74b25bb68e67faea"}
,"/home/gibby/opensource-full-stack/part5/src/components/Blog.js": {"path":"/home/gibby/opensource-full-stack/part5/src/components/Blog.js","statementMap":{"0":{"start":{"line":5,"column":13},"end":{"line":80,"column":1}},"1":{"start":{"line":12,"column":32},"end":{"line":12,"column":47}},"2":{"start":{"line":13,"column":28},"end":{"line":13,"column":48}},"3":{"start":{"line":14,"column":26},"end":{"line":14,"column":58}},"4":{"start":{"line":16,"column":20},"end":{"line":22,"column":3}},"5":{"start":{"line":24,"column":27},"end":{"line":26,"column":3}},"6":{"start":{"line":25,"column":4},"end":{"line":25,"column":24}},"7":{"start":{"line":28,"column":21},"end":{"line":42,"column":3}},"8":{"start":{"line":29,"column":25},"end":{"line":32,"column":5}},"9":{"start":{"line":33,"column":19},"end":{"line":33,"column":26}},"10":{"start":{"line":34,"column":19},"end":{"line":34,"column":65}},"11":{"start":{"line":35,"column":4},"end":{"line":35,"column":26}},"12":{"start":{"line":36,"column":4},"end":{"line":36,"column":28}},"13":{"start":{"line":37,"column":4},"end":{"line":37,"column":24}},"14":{"start":{"line":38,"column":4},"end":{"line":41,"column":12}},"15":{"start":{"line":39,"column":6},"end":{"line":39,"column":20}},"16":{"start":{"line":40,"column":6},"end":{"line":40,"column":26}},"17":{"start":{"line":44,"column":23},"end":{"line":55,"column":3}},"18":{"start":{"line":45,"column":19},"end":{"line":45,"column":95}},"19":{"start":{"line":46,"column":4},"end":{"line":54,"column":5}},"20":{"start":{"line":47,"column":23},"end":{"line":47,"column":56}},"21":{"start":{"line":48,"column":6},"end":{"line":48,"column":34}},"22":{"start":{"line":49,"column":6},"end":{"line":49,"column":26}},"23":{"start":{"line":50,"column":6},"end":{"line":53,"column":12}},"24":{"start":{"line":51,"column":8},"end":{"line":51,"column":22}},"25":{"start":{"line":52,"column":8},"end":{"line":52,"column":28}},"26":{"start":{"line":57,"column":24},"end":{"line":61,"column":3}},"27":{"start":{"line":58,"column":4},"end":{"line":60,"column":5}},"28":{"start":{"line":59,"column":6},"end":{"line":59,"column":59}},"29":{"start":{"line":63,"column":2},"end":{"line":79,"column":3}},"30":{"start":{"line":65,"column":25},"end":{"line":65,"column":43}}},"fnMap":{"0":{"name":"(anonymous_0)","decl":{"start":{"line":5,"column":13},"end":{"line":5,"column":14}},"loc":{"start":{"line":10,"column":6},"end":{"line":80,"column":1}},"line":10},"1":{"name":"(anonymous_1)","decl":{"start":{"line":24,"column":27},"end":{"line":24,"column":28}},"loc":{"start":{"line":24,"column":33},"end":{"line":26,"column":3}},"line":24},"2":{"name":"(anonymous_2)","decl":{"start":{"line":28,"column":21},"end":{"line":28,"column":22}},"loc":{"start":{"line":28,"column":33},"end":{"line":42,"column":3}},"line":28},"3":{"name":"(anonymous_3)","decl":{"start":{"line":38,"column":15},"end":{"line":38,"column":16}},"loc":{"start":{"line":38,"column":21},"end":{"line":41,"column":5}},"line":38},"4":{"name":"(anonymous_4)","decl":{"start":{"line":44,"column":23},"end":{"line":44,"column":24}},"loc":{"start":{"line":44,"column":35},"end":{"line":55,"column":3}},"line":44},"5":{"name":"(anonymous_5)","decl":{"start":{"line":50,"column":17},"end":{"line":50,"column":18}},"loc":{"start":{"line":50,"column":23},"end":{"line":53,"column":5}},"line":50},"6":{"name":"(anonymous_6)","decl":{"start":{"line":57,"column":24},"end":{"line":57,"column":25}},"loc":{"start":{"line":57,"column":30},"end":{"line":61,"column":3}},"line":57},"7":{"name":"(anonymous_7)","decl":{"start":{"line":65,"column":20},"end":{"line":65,"column":21}},"loc":{"start":{"line":65,"column":25},"end":{"line":65,"column":43}},"line":65}},"branchMap":{"0":{"loc":{"start":{"line":14,"column":36},"end":{"line":14,"column":57}},"type":"cond-expr","locations":[{"start":{"line":14,"column":46},"end":{"line":14,"column":48}},{"start":{"line":14,"column":51},"end":{"line":14,"column":57}}],"line":14},"1":{"loc":{"start":{"line":46,"column":4},"end":{"line":54,"column":5}},"type":"if","locations":[{"start":{"line":46,"column":4},"end":{"line":54,"column":5}},{"start":{"line":46,"column":4},"end":{"line":54,"column":5}}],"line":46},"2":{"loc":{"start":{"line":58,"column":4},"end":{"line":60,"column":5}},"type":"if","locations":[{"start":{"line":58,"column":4},"end":{"line":60,"column":5}},{"start":{"line":58,"column":4},"end":{"line":60,"column":5}}],"line":58}},"s":{"0":1,"1":4,"2":4,"3":4,"4":4,"5":4,"6":1,"7":4,"8":0,"9":0,"10":0,"11":0,"12":0,"13":0,"14":0,"15":0,"16":0,"17":4,"18":0,"19":0,"20":0,"21":0,"22":0,"23":0,"24":0,"25":0,"26":4,"27":4,"28":4,"29":4,"30":1},"f":{"0":4,"1":1,"2":0,"3":0,"4":0,"5":0,"6":4,"7":1},"b":{"0":[1,3],"1":[0,0],"2":[4,0]},"_coverageSchema":"43e27e138ebf9cfc5966b082cf9a028302ed4184","hash":"ab3924e1f519698a39a05476a4ffa59b8eca3f71"}
,"/home/gibby/opensource-full-stack/part5/src/components/BlogList.js": {"path":"/home/gibby/opensource-full-stack/part5/src/components/BlogList.js","statementMap":{"0":{"start":{"line":8,"column":17},"end":{"line":62,"column":1}},"1":{"start":{"line":10,"column":22},"end":{"line":10,"column":43}},"2":{"start":{"line":11,"column":40},"end":{"line":11,"column":54}},"3":{"start":{"line":12,"column":32},"end":{"line":12,"column":44}},"4":{"start":{"line":13,"column":30},"end":{"line":13,"column":47}},"5":{"start":{"line":15,"column":23},"end":{"line":19,"column":3}},"6":{"start":{"line":16,"column":4},"end":{"line":16,"column":54}},"7":{"start":{"line":17,"column":4},"end":{"line":17,"column":28}},"8":{"start":{"line":18,"column":4},"end":{"line":18,"column":17}},"9":{"start":{"line":21,"column":20},"end":{"line":36,"column":3}},"10":{"start":{"line":22,"column":4},"end":{"line":35,"column":5}},"11":{"start":{"line":24,"column":24},"end":{"line":24,"column":29}},"12":{"start":{"line":25,"column":6},"end":{"line":27,"column":8}},"13":{"start":{"line":26,"column":8},"end":{"line":26,"column":32}},"14":{"start":{"line":29,"column":6},"end":{"line":34,"column":35}},"15":{"start":{"line":29,"column":35},"end":{"line":34,"column":33}},"16":{"start":{"line":38,"column":24},"end":{"line":40,"column":3}},"17":{"start":{"line":39,"column":4},"end":{"line":39,"column":42}},"18":{"start":{"line":42,"column":2},"end":{"line":61,"column":3}},"19":{"start":{"line":47,"column":31},"end":{"line":47,"column":45}}},"fnMap":{"0":{"name":"(anonymous_0)","decl":{"start":{"line":8,"column":17},"end":{"line":8,"column":18}},"loc":{"start":{"line":8,"column":57},"end":{"line":62,"column":1}},"line":8},"1":{"name":"(anonymous_1)","decl":{"start":{"line":15,"column":23},"end":{"line":15,"column":24}},"loc":{"start":{"line":15,"column":29},"end":{"line":19,"column":3}},"line":15},"2":{"name":"(anonymous_2)","decl":{"start":{"line":21,"column":20},"end":{"line":21,"column":21}},"loc":{"start":{"line":21,"column":26},"end":{"line":36,"column":3}},"line":21},"3":{"name":"(anonymous_3)","decl":{"start":{"line":25,"column":21},"end":{"line":25,"column":22}},"loc":{"start":{"line":25,"column":31},"end":{"line":27,"column":7}},"line":25},"4":{"name":"(anonymous_4)","decl":{"start":{"line":29,"column":27},"end":{"line":29,"column":28}},"loc":{"start":{"line":29,"column":35},"end":{"line":34,"column":33}},"line":29},"5":{"name":"(anonymous_5)","decl":{"start":{"line":38,"column":24},"end":{"line":38,"column":25}},"loc":{"start":{"line":38,"column":30},"end":{"line":40,"column":3}},"line":38},"6":{"name":"(anonymous_6)","decl":{"start":{"line":47,"column":25},"end":{"line":47,"column":26}},"loc":{"start":{"line":47,"column":31},"end":{"line":47,"column":45}},"line":47}},"branchMap":{"0":{"loc":{"start":{"line":22,"column":4},"end":{"line":35,"column":5}},"type":"if","locations":[{"start":{"line":22,"column":4},"end":{"line":35,"column":5}},{"start":{"line":22,"column":4},"end":{"line":35,"column":5}}],"line":22},"1":{"loc":{"start":{"line":45,"column":7},"end":{"line":45,"column":79}},"type":"binary-expr","locations":[{"start":{"line":45,"column":8},"end":{"line":45,"column":28}},{"start":{"line":45,"column":33},"end":{"line":45,"column":79}}],"line":45}},"s":{"0":0,"1":0,"2":0,"3":0,"4":0,"5":0,"6":0,"7":0,"8":0,"9":0,"10":0,"11":0,"12":0,"13":0,"14":0,"15":0,"16":0,"17":0,"18":0,"19":0},"f":{"0":0,"1":0,"2":0,"3":0,"4":0,"5":0,"6":0},"b":{"0":[0,0],"1":[0,0]},"hash":"15ad84d67f0efd650c06e1659221c391bc416976"}
,"/home/gibby/opensource-full-stack/part5/src/components/CreateBlog.js": {"path":"/home/gibby/opensource-full-stack/part5/src/components/CreateBlog.js","statementMap":{"0":{"start":{"line":5,"column":19},"end":{"line":83,"column":1}},"1":{"start":{"line":13,"column":30},"end":{"line":13,"column":42}},"2":{"start":{"line":14,"column":32},"end":{"line":14,"column":44}},"3":{"start":{"line":15,"column":26},"end":{"line":15,"column":38}},"4":{"start":{"line":17,"column":25},"end":{"line":47,"column":5}},"5":{"start":{"line":18,"column":8},"end":{"line":18,"column":26}},"6":{"start":{"line":19,"column":8},"end":{"line":43,"column":9}},"7":{"start":{"line":20,"column":28},"end":{"line":24,"column":13}},"8":{"start":{"line":26,"column":29},"end":{"line":26,"column":62}},"9":{"start":{"line":27,"column":12},"end":{"line":27,"column":44}},"10":{"start":{"line":28,"column":12},"end":{"line":28,"column":81}},"11":{"start":{"line":29,"column":12},"end":{"line":29,"column":32}},"12":{"start":{"line":30,"column":12},"end":{"line":32,"column":20}},"13":{"start":{"line":31,"column":16},"end":{"line":31,"column":36}},"14":{"start":{"line":36,"column":12},"end":{"line":36,"column":55}},"15":{"start":{"line":37,"column":12},"end":{"line":37,"column":28}},"16":{"start":{"line":38,"column":12},"end":{"line":38,"column":32}},"17":{"start":{"line":39,"column":12},"end":{"line":42,"column":20}},"18":{"start":{"line":40,"column":16},"end":{"line":40,"column":36}},"19":{"start":{"line":41,"column":16},"end":{"line":41,"column":34}},"20":{"start":{"line":44,"column":8},"end":{"line":44,"column":20}},"21":{"start":{"line":45,"column":8},"end":{"line":45,"column":21}},"22":{"start":{"line":46,"column":8},"end":{"line":46,"column":18}},"23":{"start":{"line":49,"column":4},"end":{"line":82,"column":5}},"24":{"start":{"line":58,"column":52},"end":{"line":58,"column":74}},"25":{"start":{"line":67,"column":52},"end":{"line":67,"column":75}},"26":{"start":{"line":76,"column":52},"end":{"line":76,"column":72}},"27":{"start":{"line":85,"column":0},"end":{"line":92,"column":1}}},"fnMap":{"0":{"name":"(anonymous_0)","decl":{"start":{"line":5,"column":19},"end":{"line":5,"column":20}},"loc":{"start":{"line":11,"column":10},"end":{"line":83,"column":1}},"line":11},"1":{"name":"(anonymous_1)","decl":{"start":{"line":17,"column":25},"end":{"line":17,"column":26}},"loc":{"start":{"line":17,"column":38},"end":{"line":47,"column":5}},"line":17},"2":{"name":"(anonymous_2)","decl":{"start":{"line":30,"column":23},"end":{"line":30,"column":24}},"loc":{"start":{"line":30,"column":29},"end":{"line":32,"column":13}},"line":30},"3":{"name":"(anonymous_3)","decl":{"start":{"line":39,"column":23},"end":{"line":39,"column":24}},"loc":{"start":{"line":39,"column":29},"end":{"line":42,"column":13}},"line":39},"4":{"name":"(anonymous_4)","decl":{"start":{"line":58,"column":34},"end":{"line":58,"column":35}},"loc":{"start":{"line":58,"column":50},"end":{"line":58,"column":76}},"line":58},"5":{"name":"(anonymous_5)","decl":{"start":{"line":67,"column":34},"end":{"line":67,"column":35}},"loc":{"start":{"line":67,"column":50},"end":{"line":67,"column":77}},"line":67},"6":{"name":"(anonymous_6)","decl":{"start":{"line":76,"column":34},"end":{"line":76,"column":35}},"loc":{"start":{"line":76,"column":50},"end":{"line":76,"column":74}},"line":76}},"branchMap":{},"s":{"0":0,"1":0,"2":0,"3":0,"4":0,"5":0,"6":0,"7":0,"8":0,"9":0,"10":0,"11":0,"12":0,"13":0,"14":0,"15":0,"16":0,"17":0,"18":0,"19":0,"20":0,"21":0,"22":0,"23":0,"24":0,"25":0,"26":0,"27":0},"f":{"0":0,"1":0,"2":0,"3":0,"4":0,"5":0,"6":0},"b":{},"hash":"003a5ba5523e2a2aa69929b10b2fc312de0b4caa"}
,"/home/gibby/opensource-full-stack/part5/src/components/Login.js": {"path":"/home/gibby/opensource-full-stack/part5/src/components/Login.js","statementMap":{"0":{"start":{"line":3,"column":14},"end":{"line":37,"column":1}},"1":{"start":{"line":11,"column":2},"end":{"line":36,"column":3}},"2":{"start":{"line":21,"column":40},"end":{"line":21,"column":65}},"3":{"start":{"line":30,"column":40},"end":{"line":30,"column":65}}},"fnMap":{"0":{"name":"(anonymous_0)","decl":{"start":{"line":3,"column":14},"end":{"line":3,"column":15}},"loc":{"start":{"line":9,"column":6},"end":{"line":37,"column":1}},"line":9},"1":{"name":"(anonymous_1)","decl":{"start":{"line":21,"column":22},"end":{"line":21,"column":23}},"loc":{"start":{"line":21,"column":38},"end":{"line":21,"column":67}},"line":21},"2":{"name":"(anonymous_2)","decl":{"start":{"line":30,"column":22},"end":{"line":30,"column":23}},"loc":{"start":{"line":30,"column":38},"end":{"line":30,"column":67}},"line":30}},"branchMap":{},"s":{"0":0,"1":0,"2":0,"3":0},"f":{"0":0,"1":0,"2":0},"b":{},"hash":"f718b306fd4e575d10469a2878a2b3b7c0b68060"}
,"/home/gibby/opensource-full-stack/part5/src/components/Message.js": {"path":"/home/gibby/opensource-full-stack/part5/src/components/Message.js","statementMap":{"0":{"start":{"line":3,"column":16},"end":{"line":17,"column":1}},"1":{"start":{"line":5,"column":23},"end":{"line":11,"column":3}},"2":{"start":{"line":12,"column":2},"end":{"line":16,"column":3}}},"fnMap":{"0":{"name":"(anonymous_0)","decl":{"start":{"line":3,"column":16},"end":{"line":3,"column":17}},"loc":{"start":{"line":3,"column":40},"end":{"line":17,"column":1}},"line":3}},"branchMap":{},"s":{"0":0,"1":0,"2":0},"f":{"0":0},"b":{},"hash":"ce0d0e0ed27e30982dfdc36ff4aab936f732e7e0"}
,"/home/gibby/opensource-full-stack/part5/src/components/SimpleBlog.js": {"path":"/home/gibby/opensource-full-stack/part5/src/components/SimpleBlog.js","statementMap":{"0":{"start":{"line":3,"column":19},"end":{"line":13,"column":1}},"1":{"start":{"line":4,"column":2},"end":{"line":12,"column":8}}},"fnMap":{"0":{"name":"(anonymous_0)","decl":{"start":{"line":3,"column":19},"end":{"line":3,"column":20}},"loc":{"start":{"line":4,"column":2},"end":{"line":12,"column":8}},"line":4}},"branchMap":{},"s":{"0":1,"1":2},"f":{"0":2},"b":{},"_coverageSchema":"43e27e138ebf9cfc5966b082cf9a028302ed4184","hash":"dc63d76d6954a31ecfa1d00716d9fbd1775e3954"}
,"/home/gibby/opensource-full-stack/part5/src/components/Toggleable.js": {"path":"/home/gibby/opensource-full-stack/part5/src/components/Toggleable.js","statementMap":{"0":{"start":{"line":4,"column":19},"end":{"line":33,"column":2}},"1":{"start":{"line":6,"column":32},"end":{"line":6,"column":47}},"2":{"start":{"line":8,"column":26},"end":{"line":8,"column":60}},"3":{"start":{"line":9,"column":26},"end":{"line":9,"column":60}},"4":{"start":{"line":11,"column":27},"end":{"line":13,"column":3}},"5":{"start":{"line":12,"column":4},"end":{"line":12,"column":24}},"6":{"start":{"line":15,"column":2},"end":{"line":19,"column":4}},"7":{"start":{"line":16,"column":4},"end":{"line":18,"column":5}},"8":{"start":{"line":21,"column":2},"end":{"line":32,"column":3}},"9":{"start":{"line":35,"column":0},"end":{"line":37,"column":1}}},"fnMap":{"0":{"name":"(anonymous_0)","decl":{"start":{"line":4,"column":36},"end":{"line":4,"column":37}},"loc":{"start":{"line":4,"column":52},"end":{"line":33,"column":1}},"line":4},"1":{"name":"(anonymous_1)","decl":{"start":{"line":11,"column":27},"end":{"line":11,"column":28}},"loc":{"start":{"line":11,"column":33},"end":{"line":13,"column":3}},"line":11},"2":{"name":"(anonymous_2)","decl":{"start":{"line":15,"column":27},"end":{"line":15,"column":28}},"loc":{"start":{"line":15,"column":33},"end":{"line":19,"column":3}},"line":15}},"branchMap":{"0":{"loc":{"start":{"line":8,"column":37},"end":{"line":8,"column":58}},"type":"cond-expr","locations":[{"start":{"line":8,"column":47},"end":{"line":8,"column":53}},{"start":{"line":8,"column":56},"end":{"line":8,"column":58}}],"line":8},"1":{"loc":{"start":{"line":9,"column":37},"end":{"line":9,"column":58}},"type":"cond-expr","locations":[{"start":{"line":9,"column":47},"end":{"line":9,"column":49}},{"start":{"line":9,"column":52},"end":{"line":9,"column":58}}],"line":9}},"s":{"0":0,"1":0,"2":0,"3":0,"4":0,"5":0,"6":0,"7":0,"8":0,"9":0},"f":{"0":0,"1":0,"2":0},"b":{"0":[0,0],"1":[0,0]},"hash":"5e952863ff81825c5ed0586bd1a3850c0ce836c6"}
,"/home/gibby/opensource-full-stack/part5/src/services/blogs.js": {"path":"/home/gibby/opensource-full-stack/part5/src/services/blogs.js","statementMap":{"0":{"start":{"line":2,"column":16},"end":{"line":2,"column":28}},"1":{"start":{"line":4,"column":12},"end":{"line":4,"column":16}},"2":{"start":{"line":6,"column":15},"end":{"line":9,"column":1}},"3":{"start":{"line":7,"column":19},"end":{"line":7,"column":43}},"4":{"start":{"line":8,"column":2},"end":{"line":8,"column":22}},"5":{"start":{"line":11,"column":15},"end":{"line":18,"column":1}},"6":{"start":{"line":12,"column":17},"end":{"line":14,"column":3}},"7":{"start":{"line":16,"column":19},"end":{"line":16,"column":63}},"8":{"start":{"line":17,"column":2},"end":{"line":17,"column":22}},"9":{"start":{"line":20,"column":15},"end":{"line":24,"column":1}},"10":{"start":{"line":21,"column":20},"end":{"line":21,"column":44}},"11":{"start":{"line":22,"column":19},"end":{"line":22,"column":59}},"12":{"start":{"line":23,"column":2},"end":{"line":23,"column":22}},"13":{"start":{"line":26,"column":15},"end":{"line":33,"column":1}},"14":{"start":{"line":27,"column":17},"end":{"line":29,"column":3}},"15":{"start":{"line":30,"column":20},"end":{"line":30,"column":44}},"16":{"start":{"line":31,"column":19},"end":{"line":31,"column":56}},"17":{"start":{"line":32,"column":2},"end":{"line":32,"column":22}},"18":{"start":{"line":34,"column":19},"end":{"line":36,"column":1}},"19":{"start":{"line":35,"column":2},"end":{"line":35,"column":14}},"20":{"start":{"line":38,"column":17},"end":{"line":40,"column":1}},"21":{"start":{"line":39,"column":2},"end":{"line":39,"column":31}}},"fnMap":{"0":{"name":"(anonymous_0)","decl":{"start":{"line":6,"column":15},"end":{"line":6,"column":16}},"loc":{"start":{"line":6,"column":27},"end":{"line":9,"column":1}},"line":6},"1":{"name":"(anonymous_1)","decl":{"start":{"line":11,"column":15},"end":{"line":11,"column":16}},"loc":{"start":{"line":11,"column":36},"end":{"line":18,"column":1}},"line":11},"2":{"name":"(anonymous_2)","decl":{"start":{"line":20,"column":15},"end":{"line":20,"column":16}},"loc":{"start":{"line":20,"column":48},"end":{"line":24,"column":1}},"line":20},"3":{"name":"(anonymous_3)","decl":{"start":{"line":26,"column":15},"end":{"line":26,"column":16}},"loc":{"start":{"line":26,"column":34},"end":{"line":33,"column":1}},"line":26},"4":{"name":"(anonymous_4)","decl":{"start":{"line":34,"column":19},"end":{"line":34,"column":20}},"loc":{"start":{"line":34,"column":25},"end":{"line":36,"column":1}},"line":34},"5":{"name":"(anonymous_5)","decl":{"start":{"line":38,"column":17},"end":{"line":38,"column":18}},"loc":{"start":{"line":38,"column":29},"end":{"line":40,"column":1}},"line":38}},"branchMap":{},"s":{"0":1,"1":1,"2":1,"3":0,"4":0,"5":1,"6":0,"7":0,"8":0,"9":1,"10":0,"11":0,"12":0,"13":1,"14":0,"15":0,"16":0,"17":0,"18":1,"19":0,"20":1,"21":0},"f":{"0":0,"1":0,"2":0,"3":0,"4":0,"5":0},"b":{},"_coverageSchema":"43e27e138ebf9cfc5966b082cf9a028302ed4184","hash":"b52be9a92f25638fc7d3e52dab69bfe264fc7eb2"}
,"/home/gibby/opensource-full-stack/part5/src/services/login.js": {"path":"/home/gibby/opensource-full-stack/part5/src/services/login.js","statementMap":{"0":{"start":{"line":2,"column":16},"end":{"line":2,"column":28}},"1":{"start":{"line":4,"column":14},"end":{"line":7,"column":1}},"2":{"start":{"line":5,"column":21},"end":{"line":5,"column":59}},"3":{"start":{"line":6,"column":4},"end":{"line":6,"column":24}}},"fnMap":{"0":{"name":"(anonymous_0)","decl":{"start":{"line":4,"column":14},"end":{"line":4,"column":15}},"loc":{"start":{"line":4,"column":35},"end":{"line":7,"column":1}},"line":4}},"branchMap":{},"s":{"0":0,"1":0,"2":0,"3":0},"f":{"0":0},"b":{},"hash":"5d531ef4d6250a0c5a160a1e621583f23550f1f8"}
}
